0 info it worked if it ends with ok
1 verbose cli [ '/home/iva/.nvm/versions/node/v7.3.0/bin/node',
1 verbose cli   '/home/iva/.nvm/versions/node/v7.3.0/bin/npm',
1 verbose cli   'run',
1 verbose cli   'start' ]
2 info using npm@3.10.10
3 info using node@v7.3.0
4 verbose run-script [ 'prestart', 'start', 'poststart' ]
5 info lifecycle !tardy@1.0.0~prestart: !tardy@1.0.0
6 silly lifecycle !tardy@1.0.0~prestart: no script for prestart, continuing
7 info lifecycle !tardy@1.0.0~start: !tardy@1.0.0
8 verbose lifecycle !tardy@1.0.0~start: unsafe-perm in lifecycle true
9 verbose lifecycle !tardy@1.0.0~start: PATH: /home/iva/.nvm/versions/node/v7.3.0/lib/node_modules/npm/bin/node-gyp-bin:/home/iva/Yonsei/CSI2109-01/!tardy/node_modules/.bin:/home/iva/.rvm/gems/ruby-2.3.0/bin:/home/iva/.rvm/gems/ruby-2.3.0@global/bin:/home/iva/.rvm/rubies/ruby-2.3.0/bin:/home/iva/.nvm/versions/node/v7.3.0/bin:/home/iva/.rbenv/shims:/home/iva/.rbenv/bin:/usr/local/heroku/bin:/usr/local/sbin:/usr/local/bin:/usr/sbin:/usr/bin:/sbin:/bin:/usr/games:/usr/local/games:/snap/bin:/usr/lib/jvm/java-8-oracle/bin:/usr/lib/jvm/java-8-oracle/db/bin:/usr/lib/jvm/java-8-oracle/jre/bin:/home/iva/.rvm/bin:/home/iva/.rvm/bin:/snap/bin:/usr/lib/jvm/java-8-oracle/bin:/usr/lib/jvm/java-8-oracle/db/bin:/usr/lib/jvm/java-8-oracle/jre/bin:/home/iva/.rvm/bin:/home/iva/.rvm/bin:/home/iva/.rvm/bin:/home/iva/.rvm/bin
10 verbose lifecycle !tardy@1.0.0~start: CWD: /home/iva/Yonsei/CSI2109-01/!tardy
11 silly lifecycle !tardy@1.0.0~start: Args: [ '-c', 'nodemon server.js' ]
12 silly lifecycle !tardy@1.0.0~start: Returned: code: 1  signal: null
13 info lifecycle !tardy@1.0.0~start: Failed to exec start script
14 verbose stack Error: !tardy@1.0.0 start: `nodemon server.js`
14 verbose stack Exit status 1
14 verbose stack     at EventEmitter.<anonymous> (/home/iva/.nvm/versions/node/v7.3.0/lib/node_modules/npm/lib/utils/lifecycle.js:255:16)
14 verbose stack     at emitTwo (events.js:106:13)
14 verbose stack     at EventEmitter.emit (events.js:191:7)
14 verbose stack     at ChildProcess.<anonymous> (/home/iva/.nvm/versions/node/v7.3.0/lib/node_modules/npm/lib/utils/spawn.js:40:14)
14 verbose stack     at emitTwo (events.js:106:13)
14 verbose stack     at ChildProcess.emit (events.js:191:7)
14 verbose stack     at maybeClose (internal/child_process.js:885:16)
14 verbose stack     at Process.ChildProcess._handle.onexit (internal/child_process.js:226:5)
15 verbose pkgid !tardy@1.0.0
16 verbose cwd /home/iva/Yonsei/CSI2109-01/!tardy
17 error Linux 4.4.0-78-generic
18 error argv "/home/iva/.nvm/versions/node/v7.3.0/bin/node" "/home/iva/.nvm/versions/node/v7.3.0/bin/npm" "run" "start"
19 error node v7.3.0
20 error npm  v3.10.10
21 error code ELIFECYCLE
22 error !tardy@1.0.0 start: `nodemon server.js`
22 error Exit status 1
23 error Failed at the !tardy@1.0.0 start script 'nodemon server.js'.
23 error Make sure you have the latest version of node.js and npm installed.
23 error If you do, this is most likely a problem with the !tardy package,
23 error not with npm itself.
23 error Tell the author that this fails on your system:
23 error     nodemon server.js
23 error You can get information on how to open an issue for this project with:
23 error     npm bugs !tardy
23 error Or if that isn't available, you can get their info via:
23 error     npm owner ls !tardy
23 error There is likely additional logging output above.
24 verbose exit [ 1, true ]
